2026-05-04 09:40:44,684 - INFO - --- STARTING AZURE SYNC FOR BUSINESS DATE: 20260525 ---
2026-05-04 09:40:45,580 - INFO - [Arlington] Fetching from Toast API...
2026-05-04 09:40:46,255 - INFO -  ! No orders found for Arlington on 20260525.
2026-05-04 09:40:46,255 - INFO - [Burke] Fetching from Toast API...
2026-05-04 09:40:46,706 - INFO -  ! No orders found for Burke on 20260525.
2026-05-04 09:40:46,707 - INFO - [Herndon] Fetching from Toast API...
2026-05-04 09:40:47,164 - INFO -  ! No orders found for Herndon on 20260525.
2026-05-04 09:40:47,164 - INFO - [Leesburg] Fetching from Toast API...
2026-05-04 09:40:47,642 - INFO -  ! No orders found for Leesburg on 20260525.
2026-05-04 09:40:47,642 - INFO - [Vienna] Fetching from Toast API...
2026-05-04 09:40:48,085 - INFO -  ! No orders found for Vienna on 20260525.
2026-05-04 09:40:48,085 - INFO - [Ashburn] Fetching from Toast API...
2026-05-04 09:40:48,513 - INFO -  ! No orders found for Ashburn on 20260525.
2026-05-04 09:40:48,513 - INFO - [Chantilly] Fetching from Toast API...
2026-05-04 09:40:48,944 - INFO -  ! No orders found for Chantilly on 20260525.
2026-05-04 09:40:48,944 - INFO - [Fairfax] Fetching from Toast API...
2026-05-04 09:40:49,360 - INFO -  ! No orders found for Fairfax on 20260525.
2026-05-04 09:40:49,360 - INFO - [Manassas] Fetching from Toast API...
2026-05-04 09:40:49,835 - INFO -  ! No orders found for Manassas on 20260525.
2026-05-04 09:40:49,835 - INFO - [Springfield] Fetching from Toast API...
2026-05-04 09:40:50,288 - INFO -  ! No orders found for Springfield on 20260525.
2026-05-04 09:40:50,288 - INFO - --- AZURE SYNC COMPLETE ---
2026-05-04 09:40:50,288 - INFO - Total Orders Synced: 0 | Total Items: 0
2026-05-04 09:42:12,086 - INFO - --- STARTING AZURE SYNC FOR BUSINESS DATE: 20260530 ---
2026-05-04 09:42:12,142 - INFO - [Arlington] Fetching from Toast API...
2026-05-04 09:42:13,824 - INFO -  > Success: 1 orders processed for Arlington.
2026-05-04 09:42:13,824 - INFO - [Burke] Fetching from Toast API...
2026-05-04 09:42:14,257 - INFO -  ! No orders found for Burke on 20260530.
2026-05-04 09:42:14,257 - INFO - [Herndon] Fetching from Toast API...
2026-05-04 09:42:14,672 - INFO -  ! No orders found for Herndon on 20260530.
2026-05-04 09:42:14,672 - INFO - [Leesburg] Fetching from Toast API...
2026-05-04 09:42:15,144 - INFO -  ! No orders found for Leesburg on 20260530.
2026-05-04 09:42:15,144 - INFO - [Vienna] Fetching from Toast API...
2026-05-04 09:42:15,589 - INFO -  ! No orders found for Vienna on 20260530.
2026-05-04 09:42:15,589 - INFO - [Ashburn] Fetching from Toast API...
2026-05-04 09:42:16,691 - INFO -  > Success: 1 orders processed for Ashburn.
2026-05-04 09:42:16,691 - INFO - [Chantilly] Fetching from Toast API...
2026-05-04 09:42:17,109 - INFO -  ! No orders found for Chantilly on 20260530.
2026-05-04 09:42:17,109 - INFO - [Fairfax] Fetching from Toast API...
2026-05-04 09:42:17,793 - INFO -  > Success: 1 orders processed for Fairfax.
2026-05-04 09:42:17,794 - INFO - [Manassas] Fetching from Toast API...
2026-05-04 09:42:18,225 - INFO -  ! No orders found for Manassas on 20260530.
2026-05-04 09:42:18,225 - INFO - [Springfield] Fetching from Toast API...
2026-05-04 09:42:19,364 - INFO -  > Success: 1 orders processed for Springfield.
2026-05-04 09:42:19,416 - INFO - --- AZURE SYNC COMPLETE ---
2026-05-04 09:42:19,416 - INFO - Total Orders Synced: 4 | Total Items: 27
2026-05-04 09:48:48,916 - INFO - --- STARTING AZURE SYNC FOR BUSINESS DATE: 20260531 ---
2026-05-04 09:48:48,975 - INFO - [Arlington] Fetching from Toast API...
2026-05-04 09:48:49,514 - INFO -  ! No orders found for Arlington on 20260531.
2026-05-04 09:48:49,514 - INFO - [Burke] Fetching from Toast API...
2026-05-04 09:48:49,995 - INFO -  ! No orders found for Burke on 20260531.
2026-05-04 09:48:49,996 - INFO - [Herndon] Fetching from Toast API...
2026-05-04 09:48:50,489 - INFO -  ! No orders found for Herndon on 20260531.
2026-05-04 09:48:50,490 - INFO - [Leesburg] Fetching from Toast API...
2026-05-04 09:48:53,293 - INFO -  > Success: 2 orders processed for Leesburg.
2026-05-04 09:48:53,293 - INFO - [Vienna] Fetching from Toast API...
2026-05-04 09:48:53,756 - INFO -  ! No orders found for Vienna on 20260531.
2026-05-04 09:48:53,756 - INFO - [Ashburn] Fetching from Toast API...
2026-05-04 09:48:54,226 - INFO -  ! No orders found for Ashburn on 20260531.
2026-05-04 09:48:54,226 - INFO - [Chantilly] Fetching from Toast API...
2026-05-04 09:48:54,681 - INFO -  ! No orders found for Chantilly on 20260531.
2026-05-04 09:48:54,682 - INFO - [Fairfax] Fetching from Toast API...
2026-05-04 09:48:55,138 - INFO -  ! No orders found for Fairfax on 20260531.
2026-05-04 09:48:55,138 - INFO - [Manassas] Fetching from Toast API...
2026-05-04 09:48:55,612 - INFO -  ! No orders found for Manassas on 20260531.
2026-05-04 09:48:55,613 - INFO - [Springfield] Fetching from Toast API...
2026-05-04 09:48:56,099 - INFO -  ! No orders found for Springfield on 20260531.
2026-05-04 09:48:56,148 - INFO - --- AZURE SYNC COMPLETE ---
2026-05-04 09:48:56,148 - INFO - Total Orders Synced: 2 | Total Items: 24
2026-05-04 15:15:25,401 - INFO - --- STARTING AZURE SYNC FOR BUSINESS DATE: 20260505 ---
2026-05-04 15:15:26,259 - INFO - [Arlington] Fetching from Toast API...
2026-05-04 15:15:38,978 - INFO -  > Success: 18 orders processed for Arlington.
2026-05-04 15:15:38,978 - INFO - [Burke] Fetching from Toast API...
2026-05-04 15:15:43,324 - INFO -  > Success: 6 orders processed for Burke.
2026-05-04 15:15:43,325 - INFO - [Herndon] Fetching from Toast API...
2026-05-04 15:15:52,652 - INFO -  > Success: 18 orders processed for Herndon.
2026-05-04 15:15:52,652 - INFO - [Leesburg] Fetching from Toast API...
2026-05-04 15:16:00,838 - INFO -  > Success: 14 orders processed for Leesburg.
2026-05-04 15:16:00,838 - INFO - [Vienna] Fetching from Toast API...
2026-05-04 15:16:13,639 - INFO -  > Success: 24 orders processed for Vienna.
2026-05-04 15:16:13,639 - INFO - [Ashburn] Fetching from Toast API...
2026-05-04 15:16:22,795 - INFO -  > Success: 17 orders processed for Ashburn.
2026-05-04 15:16:22,795 - INFO - [Chantilly] Fetching from Toast API...
2026-05-04 15:16:33,857 - INFO -  > Success: 26 orders processed for Chantilly.
2026-05-04 15:16:33,857 - INFO - [Fairfax] Fetching from Toast API...
2026-05-04 15:16:36,333 - INFO -  > Success: 4 orders processed for Fairfax.
2026-05-04 15:16:36,333 - INFO - [Manassas] Fetching from Toast API...
2026-05-04 15:16:44,500 - INFO -  > Success: 15 orders processed for Manassas.
2026-05-04 15:16:44,500 - INFO - [Springfield] Fetching from Toast API...
2026-05-04 15:16:55,709 - INFO -  > Success: 17 orders processed for Springfield.
2026-05-04 15:16:55,763 - INFO - --- AZURE SYNC COMPLETE ---
2026-05-04 15:16:55,763 - INFO - Total Orders Synced: 159 | Total Items: 844
2026-05-04 15:16:55,764 - INFO - --- STARTING AZURE SYNC FOR BUSINESS DATE: 20260506 ---
2026-05-04 15:16:55,814 - INFO - [Arlington] Fetching from Toast API...
2026-05-04 15:16:59,333 - INFO -  > Success: 6 orders processed for Arlington.
2026-05-04 15:16:59,333 - INFO - [Burke] Fetching from Toast API...
2026-05-04 15:17:01,270 - INFO -  > Success: 3 orders processed for Burke.
2026-05-04 15:17:01,270 - INFO - [Herndon] Fetching from Toast API...
2026-05-04 15:17:03,973 - INFO -  > Success: 4 orders processed for Herndon.
2026-05-04 15:17:03,973 - INFO - [Leesburg] Fetching from Toast API...
2026-05-04 15:17:06,171 - INFO -  > Success: 4 orders processed for Leesburg.
2026-05-04 15:17:06,172 - INFO - [Vienna] Fetching from Toast API...
2026-05-04 15:17:08,643 - INFO -  > Success: 3 orders processed for Vienna.
2026-05-04 15:17:08,643 - INFO - [Ashburn] Fetching from Toast API...
2026-05-04 15:17:14,555 - INFO -  > Success: 7 orders processed for Ashburn.
2026-05-04 15:17:14,555 - INFO - [Chantilly] Fetching from Toast API...
2026-05-04 15:17:16,799 - INFO -  > Success: 3 orders processed for Chantilly.
2026-05-04 15:17:16,799 - INFO - [Fairfax] Fetching from Toast API...
2026-05-04 15:17:20,945 - INFO -  ! No orders found for Fairfax on 20260506.
2026-05-04 15:17:20,946 - INFO - [Manassas] Fetching from Toast API...
2026-05-04 15:17:22,877 - INFO -  > Success: 3 orders processed for Manassas.
2026-05-04 15:17:22,877 - INFO - [Springfield] Fetching from Toast API...
2026-05-04 15:17:29,403 - INFO -  > Success: 11 orders processed for Springfield.
2026-05-04 15:17:29,451 - INFO - --- AZURE SYNC COMPLETE ---
2026-05-04 15:17:29,451 - INFO - Total Orders Synced: 44 | Total Items: 264
2026-05-04 15:17:29,451 - INFO - --- STARTING AZURE SYNC FOR BUSINESS DATE: 20260507 ---
2026-05-04 15:17:29,505 - INFO - [Arlington] Fetching from Toast API...
2026-05-04 15:17:32,789 - INFO -  > Success: 6 orders processed for Arlington.
2026-05-04 15:17:32,789 - INFO - [Burke] Fetching from Toast API...
2026-05-04 15:17:33,382 - INFO -  ! No orders found for Burke on 20260507.
2026-05-04 15:17:33,382 - INFO - [Herndon] Fetching from Toast API...
2026-05-04 15:17:33,979 - INFO -  ! No orders found for Herndon on 20260507.
2026-05-04 15:17:33,979 - INFO - [Leesburg] Fetching from Toast API...
2026-05-04 15:17:35,619 - INFO -  > Success: 3 orders processed for Leesburg.
2026-05-04 15:17:35,619 - INFO - [Vienna] Fetching from Toast API...
2026-05-04 15:17:38,451 - INFO -  > Success: 4 orders processed for Vienna.
2026-05-04 15:17:38,452 - INFO - [Ashburn] Fetching from Toast API...
2026-05-04 15:17:40,926 - INFO -  > Success: 5 orders processed for Ashburn.
2026-05-04 15:17:40,927 - INFO - [Chantilly] Fetching from Toast API...
2026-05-04 15:17:44,193 - INFO -  > Success: 5 orders processed for Chantilly.
2026-05-04 15:17:44,193 - INFO - [Fairfax] Fetching from Toast API...
2026-05-04 15:17:45,617 - INFO -  > Success: 2 orders processed for Fairfax.
2026-05-04 15:17:45,617 - INFO - [Manassas] Fetching from Toast API...
2026-05-04 15:17:47,190 - INFO -  > Success: 2 orders processed for Manassas.
2026-05-04 15:17:47,190 - INFO - [Springfield] Fetching from Toast API...
2026-05-04 15:17:50,092 - INFO -  > Success: 4 orders processed for Springfield.
2026-05-04 15:17:50,148 - INFO - --- AZURE SYNC COMPLETE ---
2026-05-04 15:17:50,148 - INFO - Total Orders Synced: 31 | Total Items: 174
2026-05-04 15:17:50,148 - INFO - --- STARTING AZURE SYNC FOR BUSINESS DATE: 20260508 ---
2026-05-04 15:17:50,198 - INFO - [Arlington] Fetching from Toast API...
2026-05-04 15:17:53,572 - INFO -  > Success: 6 orders processed for Arlington.
2026-05-04 15:17:53,573 - INFO - [Burke] Fetching from Toast API...
2026-05-04 15:17:54,190 - INFO -  ! No orders found for Burke on 20260508.
2026-05-04 15:17:54,190 - INFO - [Herndon] Fetching from Toast API...
2026-05-04 15:17:55,208 - INFO -  > Success: 1 orders processed for Herndon.
2026-05-04 15:17:55,208 - INFO - [Leesburg] Fetching from Toast API...
2026-05-04 15:18:03,148 - INFO -  > Success: 2 orders processed for Leesburg.
2026-05-04 15:18:03,148 - INFO - [Vienna] Fetching from Toast API...
2026-05-04 15:18:07,695 - INFO -  > Success: 7 orders processed for Vienna.
2026-05-04 15:18:07,696 - INFO - [Ashburn] Fetching from Toast API...
2026-05-04 15:18:09,199 - INFO -  > Success: 1 orders processed for Ashburn.
2026-05-04 15:18:09,199 - INFO - [Chantilly] Fetching from Toast API...
2026-05-04 15:18:11,881 - INFO -  > Success: 4 orders processed for Chantilly.
2026-05-04 15:18:11,881 - INFO - [Fairfax] Fetching from Toast API...
2026-05-04 15:18:12,823 - INFO -  > Success: 1 orders processed for Fairfax.
2026-05-04 15:18:12,823 - INFO - [Manassas] Fetching from Toast API...
2026-05-04 15:18:15,856 - INFO -  > Success: 5 orders processed for Manassas.
2026-05-04 15:18:15,856 - INFO - [Springfield] Fetching from Toast API...
2026-05-04 15:18:18,809 - INFO -  > Success: 5 orders processed for Springfield.
2026-05-04 15:18:18,862 - INFO - --- AZURE SYNC COMPLETE ---
2026-05-04 15:18:18,863 - INFO - Total Orders Synced: 32 | Total Items: 190
2026-05-04 15:18:18,863 - INFO - --- STARTING AZURE SYNC FOR BUSINESS DATE: 20260509 ---
2026-05-04 15:18:18,909 - INFO - [Arlington] Fetching from Toast API...
2026-05-04 15:18:19,532 - INFO -  ! No orders found for Arlington on 20260509.
2026-05-04 15:18:19,532 - INFO - [Burke] Fetching from Toast API...
2026-05-04 15:18:20,185 - INFO -  ! No orders found for Burke on 20260509.
2026-05-04 15:18:20,185 - INFO - [Herndon] Fetching from Toast API...
2026-05-04 15:18:20,843 - INFO -  ! No orders found for Herndon on 20260509.
2026-05-04 15:18:20,843 - INFO - [Leesburg] Fetching from Toast API...
2026-05-04 15:18:21,749 - INFO -  > Success: 1 orders processed for Leesburg.
2026-05-04 15:18:21,749 - INFO - [Vienna] Fetching from Toast API...
2026-05-04 15:18:23,251 - INFO -  > Success: 2 orders processed for Vienna.
2026-05-04 15:18:23,251 - INFO - [Ashburn] Fetching from Toast API...
2026-05-04 15:18:23,873 - INFO -  ! No orders found for Ashburn on 20260509.
2026-05-04 15:18:23,873 - INFO - [Chantilly] Fetching from Toast API...
2026-05-04 15:18:24,905 - INFO -  > Success: 1 orders processed for Chantilly.
2026-05-04 15:18:24,905 - INFO - [Fairfax] Fetching from Toast API...
2026-05-04 15:18:25,531 - INFO -  ! No orders found for Fairfax on 20260509.
2026-05-04 15:18:25,531 - INFO - [Manassas] Fetching from Toast API...
2026-05-04 15:18:26,183 - INFO -  ! No orders found for Manassas on 20260509.
2026-05-04 15:18:26,183 - INFO - [Springfield] Fetching from Toast API...
2026-05-04 15:18:27,367 - INFO -  > Success: 1 orders processed for Springfield.
2026-05-04 15:18:27,420 - INFO - --- AZURE SYNC COMPLETE ---
2026-05-04 15:18:27,420 - INFO - Total Orders Synced: 5 | Total Items: 18
2026-05-04 15:18:27,420 - INFO - --- STARTING AZURE SYNC FOR BUSINESS DATE: 20260510 ---
2026-05-04 15:18:27,476 - INFO - [Arlington] Fetching from Toast API...
2026-05-04 15:18:28,071 - INFO -  ! No orders found for Arlington on 20260510.
2026-05-04 15:18:28,071 - INFO - [Burke] Fetching from Toast API...
2026-05-04 15:18:28,651 - INFO -  ! No orders found for Burke on 20260510.
2026-05-04 15:18:28,651 - INFO - [Herndon] Fetching from Toast API...
2026-05-04 15:18:29,239 - INFO -  ! No orders found for Herndon on 20260510.
2026-05-04 15:18:29,239 - INFO - [Leesburg] Fetching from Toast API...
2026-05-04 15:18:29,833 - INFO -  ! No orders found for Leesburg on 20260510.
2026-05-04 15:18:29,833 - INFO - [Vienna] Fetching from Toast API...
2026-05-04 15:18:30,900 - INFO -  > Success: 1 orders processed for Vienna.
2026-05-04 15:18:30,901 - INFO - [Ashburn] Fetching from Toast API...
2026-05-04 15:18:31,554 - INFO -  ! No orders found for Ashburn on 20260510.
2026-05-04 15:18:31,555 - INFO - [Chantilly] Fetching from Toast API...
2026-05-04 15:18:32,284 - INFO -  ! No orders found for Chantilly on 20260510.
2026-05-04 15:18:32,285 - INFO - [Fairfax] Fetching from Toast API...
2026-05-04 15:18:32,913 - INFO -  ! No orders found for Fairfax on 20260510.
2026-05-04 15:18:32,913 - INFO - [Manassas] Fetching from Toast API...
2026-05-04 15:18:33,574 - INFO -  ! No orders found for Manassas on 20260510.
2026-05-04 15:18:33,575 - INFO - [Springfield] Fetching from Toast API...
2026-05-04 15:18:34,186 - INFO -  ! No orders found for Springfield on 20260510.
2026-05-04 15:18:34,237 - INFO - --- AZURE SYNC COMPLETE ---
2026-05-04 15:18:34,238 - INFO - Total Orders Synced: 1 | Total Items: 4
2026-05-04 15:18:34,238 - INFO - --- STARTING AZURE SYNC FOR BUSINESS DATE: 20260511 ---
2026-05-04 15:18:34,284 - INFO - [Arlington] Fetching from Toast API...
2026-05-04 15:18:34,891 - INFO -  ! No orders found for Arlington on 20260511.
2026-05-04 15:18:34,892 - INFO - [Burke] Fetching from Toast API...
2026-05-04 15:18:35,527 - INFO -  ! No orders found for Burke on 20260511.
2026-05-04 15:18:35,528 - INFO - [Herndon] Fetching from Toast API...
2026-05-04 15:18:36,145 - INFO -  ! No orders found for Herndon on 20260511.
2026-05-04 15:18:36,145 - INFO - [Leesburg] Fetching from Toast API...
2026-05-04 15:18:36,744 - INFO -  ! No orders found for Leesburg on 20260511.
2026-05-04 15:18:36,745 - INFO - [Vienna] Fetching from Toast API...
2026-05-04 15:18:38,452 - INFO -  > Success: 2 orders processed for Vienna.
2026-05-04 15:18:38,452 - INFO - [Ashburn] Fetching from Toast API...
2026-05-04 15:18:39,488 - INFO -  > Success: 1 orders processed for Ashburn.
2026-05-04 15:18:39,488 - INFO - [Chantilly] Fetching from Toast API...
2026-05-04 15:18:40,097 - INFO -  ! No orders found for Chantilly on 20260511.
2026-05-04 15:18:40,097 - INFO - [Fairfax] Fetching from Toast API...
2026-05-04 15:18:40,696 - INFO -  ! No orders found for Fairfax on 20260511.
2026-05-04 15:18:40,696 - INFO - [Manassas] Fetching from Toast API...
2026-05-04 15:18:42,122 - INFO -  > Success: 1 orders processed for Manassas.
2026-05-04 15:18:42,122 - INFO - [Springfield] Fetching from Toast API...
2026-05-04 15:18:42,712 - INFO -  ! No orders found for Springfield on 20260511.
2026-05-04 15:18:42,766 - INFO - --- AZURE SYNC COMPLETE ---
2026-05-04 15:18:42,766 - INFO - Total Orders Synced: 4 | Total Items: 28
2026-05-04 15:18:42,766 - INFO - --- STARTING AZURE SYNC FOR BUSINESS DATE: 20260512 ---
2026-05-04 15:18:42,814 - INFO - [Arlington] Fetching from Toast API...
2026-05-04 15:18:43,416 - INFO -  ! No orders found for Arlington on 20260512.
2026-05-04 15:18:43,416 - INFO - [Burke] Fetching from Toast API...
2026-05-04 15:18:44,019 - INFO -  ! No orders found for Burke on 20260512.
2026-05-04 15:18:44,019 - INFO - [Herndon] Fetching from Toast API...
2026-05-04 15:18:45,588 - INFO -  > Success: 1 orders processed for Herndon.
2026-05-04 15:18:45,588 - INFO - [Leesburg] Fetching from Toast API...
2026-05-04 15:18:46,822 - INFO -  > Success: 1 orders processed for Leesburg.
2026-05-04 15:18:46,822 - INFO - [Vienna] Fetching from Toast API...
2026-05-04 15:18:48,046 - INFO -  > Success: 1 orders processed for Vienna.
2026-05-04 15:18:48,046 - INFO - [Ashburn] Fetching from Toast API...
2026-05-04 15:18:48,649 - INFO -  ! No orders found for Ashburn on 20260512.
2026-05-04 15:18:48,650 - INFO - [Chantilly] Fetching from Toast API...
2026-05-04 15:18:49,670 - INFO -  > Success: 1 orders processed for Chantilly.
2026-05-04 15:18:49,670 - INFO - [Fairfax] Fetching from Toast API...
2026-05-04 15:18:50,315 - INFO -  ! No orders found for Fairfax on 20260512.
2026-05-04 15:18:50,315 - INFO - [Manassas] Fetching from Toast API...
2026-05-04 15:18:50,917 - INFO -  ! No orders found for Manassas on 20260512.
2026-05-04 15:18:50,917 - INFO - [Springfield] Fetching from Toast API...
2026-05-04 15:18:52,368 - INFO -  > Success: 1 orders processed for Springfield.
2026-05-04 15:18:52,426 - INFO - --- AZURE SYNC COMPLETE ---
2026-05-04 15:18:52,426 - INFO - Total Orders Synced: 5 | Total Items: 39
2026-05-04 15:18:52,426 - INFO - --- STARTING AZURE SYNC FOR BUSINESS DATE: 20260513 ---
2026-05-04 15:18:52,480 - INFO - [Arlington] Fetching from Toast API...
2026-05-04 15:18:53,069 - INFO -  ! No orders found for Arlington on 20260513.
2026-05-04 15:18:53,070 - INFO - [Burke] Fetching from Toast API...
2026-05-04 15:18:53,686 - INFO -  ! No orders found for Burke on 20260513.
2026-05-04 15:18:53,686 - INFO - [Herndon] Fetching from Toast API...
2026-05-04 15:18:54,280 - INFO -  ! No orders found for Herndon on 20260513.
2026-05-04 15:18:54,280 - INFO - [Leesburg] Fetching from Toast API...
2026-05-04 15:18:55,713 - INFO -  ! No orders found for Leesburg on 20260513.
2026-05-04 15:18:55,713 - INFO - [Vienna] Fetching from Toast API...
2026-05-04 15:18:56,322 - INFO -  ! No orders found for Vienna on 20260513.
2026-05-04 15:18:56,322 - INFO - [Ashburn] Fetching from Toast API...
2026-05-04 15:18:56,914 - INFO -  ! No orders found for Ashburn on 20260513.
2026-05-04 15:18:56,914 - INFO - [Chantilly] Fetching from Toast API...
2026-05-04 15:18:58,471 - INFO -  > Success: 1 orders processed for Chantilly.
2026-05-04 15:18:58,471 - INFO - [Fairfax] Fetching from Toast API...
2026-05-04 15:18:59,114 - INFO -  ! No orders found for Fairfax on 20260513.
2026-05-04 15:18:59,115 - INFO - [Manassas] Fetching from Toast API...
2026-05-04 15:18:59,701 - INFO -  ! No orders found for Manassas on 20260513.
2026-05-04 15:18:59,701 - INFO - [Springfield] Fetching from Toast API...
2026-05-04 15:19:00,307 - INFO -  ! No orders found for Springfield on 20260513.
2026-05-04 15:19:00,357 - INFO - --- AZURE SYNC COMPLETE ---
2026-05-04 15:19:00,357 - INFO - Total Orders Synced: 1 | Total Items: 9
2026-05-04 15:19:00,357 - INFO - --- STARTING AZURE SYNC FOR BUSINESS DATE: 20260514 ---
2026-05-04 15:19:00,410 - INFO - [Arlington] Fetching from Toast API...
2026-05-04 15:19:01,026 - INFO -  ! No orders found for Arlington on 20260514.
2026-05-04 15:19:01,026 - INFO - [Burke] Fetching from Toast API...
2026-05-04 15:19:01,644 - INFO -  ! No orders found for Burke on 20260514.
2026-05-04 15:19:01,644 - INFO - [Herndon] Fetching from Toast API...
2026-05-04 15:19:02,235 - INFO -  ! No orders found for Herndon on 20260514.
2026-05-04 15:19:02,235 - INFO - [Leesburg] Fetching from Toast API...
2026-05-04 15:19:02,846 - INFO -  ! No orders found for Leesburg on 20260514.
2026-05-04 15:19:02,847 - INFO - [Vienna] Fetching from Toast API...
2026-05-04 15:19:03,717 - INFO -  > Success: 1 orders processed for Vienna.
2026-05-04 15:19:03,718 - INFO - [Ashburn] Fetching from Toast API...
2026-05-04 15:19:04,308 - INFO -  ! No orders found for Ashburn on 20260514.
2026-05-04 15:19:04,308 - INFO - [Chantilly] Fetching from Toast API...
2026-05-04 15:19:04,939 - INFO -  ! No orders found for Chantilly on 20260514.
2026-05-04 15:19:04,939 - INFO - [Fairfax] Fetching from Toast API...
2026-05-04 15:19:05,573 - INFO -  ! No orders found for Fairfax on 20260514.
2026-05-04 15:19:05,574 - INFO - [Manassas] Fetching from Toast API...
2026-05-04 15:19:06,195 - INFO -  ! No orders found for Manassas on 20260514.
2026-05-04 15:19:06,195 - INFO - [Springfield] Fetching from Toast API...
2026-05-04 15:19:06,818 - INFO -  ! No orders found for Springfield on 20260514.
2026-05-04 15:19:06,871 - INFO - --- AZURE SYNC COMPLETE ---
2026-05-04 15:19:06,871 - INFO - Total Orders Synced: 1 | Total Items: 1
2026-05-04 15:19:06,871 - INFO - --- STARTING AZURE SYNC FOR BUSINESS DATE: 20260515 ---
2026-05-04 15:19:06,923 - INFO - [Arlington] Fetching from Toast API...
2026-05-04 15:19:08,185 - INFO -  > Success: 1 orders processed for Arlington.
2026-05-04 15:19:08,185 - INFO - [Burke] Fetching from Toast API...
2026-05-04 15:19:08,819 - INFO -  ! No orders found for Burke on 20260515.
2026-05-04 15:19:08,819 - INFO - [Herndon] Fetching from Toast API...
2026-05-04 15:19:09,437 - INFO -  ! No orders found for Herndon on 20260515.
2026-05-04 15:19:09,437 - INFO - [Leesburg] Fetching from Toast API...
2026-05-04 15:19:10,046 - INFO -  ! No orders found for Leesburg on 20260515.
2026-05-04 15:19:10,046 - INFO - [Vienna] Fetching from Toast API...
2026-05-04 15:19:11,169 - INFO -  > Success: 1 orders processed for Vienna.
2026-05-04 15:19:11,170 - INFO - [Ashburn] Fetching from Toast API...
2026-05-04 15:19:11,786 - INFO -  ! No orders found for Ashburn on 20260515.
2026-05-04 15:19:11,786 - INFO - [Chantilly] Fetching from Toast API...
2026-05-04 15:19:13,325 - INFO -  > Success: 1 orders processed for Chantilly.
2026-05-04 15:19:13,325 - INFO - [Fairfax] Fetching from Toast API...
2026-05-04 15:19:13,947 - INFO -  ! No orders found for Fairfax on 20260515.
2026-05-04 15:19:13,947 - INFO - [Manassas] Fetching from Toast API...
2026-05-04 15:19:15,527 - INFO -  > Success: 1 orders processed for Manassas.
2026-05-04 15:19:15,528 - INFO - [Springfield] Fetching from Toast API...
2026-05-04 15:19:16,124 - INFO -  ! No orders found for Springfield on 20260515.
2026-05-04 15:19:16,174 - INFO - --- AZURE SYNC COMPLETE ---
2026-05-04 15:19:16,174 - INFO - Total Orders Synced: 4 | Total Items: 32
2026-05-04 15:19:16,174 - INFO - --- STARTING AZURE SYNC FOR BUSINESS DATE: 20260516 ---
2026-05-04 15:19:16,226 - INFO - [Arlington] Fetching from Toast API...
2026-05-04 15:19:17,455 - INFO -  > Success: 1 orders processed for Arlington.
2026-05-04 15:19:17,455 - INFO - [Burke] Fetching from Toast API...
2026-05-04 15:19:18,161 - INFO -  ! No orders found for Burke on 20260516.
2026-05-04 15:19:18,161 - INFO - [Herndon] Fetching from Toast API...
2026-05-04 15:19:18,816 - INFO -  ! No orders found for Herndon on 20260516.
2026-05-04 15:19:18,816 - INFO - [Leesburg] Fetching from Toast API...
2026-05-04 15:19:19,480 - INFO -  ! No orders found for Leesburg on 20260516.
2026-05-04 15:19:19,480 - INFO - [Vienna] Fetching from Toast API...
2026-05-04 15:19:20,198 - INFO -  ! No orders found for Vienna on 20260516.
2026-05-04 15:19:20,199 - INFO - [Ashburn] Fetching from Toast API...
2026-05-04 15:19:20,899 - INFO -  ! No orders found for Ashburn on 20260516.
2026-05-04 15:19:20,899 - INFO - [Chantilly] Fetching from Toast API...
2026-05-04 15:19:21,568 - INFO -  ! No orders found for Chantilly on 20260516.
2026-05-04 15:19:21,568 - INFO - [Fairfax] Fetching from Toast API...
2026-05-04 15:19:22,489 - INFO -  > Success: 1 orders processed for Fairfax.
2026-05-04 15:19:22,489 - INFO - [Manassas] Fetching from Toast API...
2026-05-04 15:19:23,885 - INFO -  > Success: 1 orders processed for Manassas.
2026-05-04 15:19:23,885 - INFO - [Springfield] Fetching from Toast API...
2026-05-04 15:19:25,325 - INFO -  > Success: 1 orders processed for Springfield.
2026-05-04 15:19:25,375 - INFO - --- AZURE SYNC COMPLETE ---
2026-05-04 15:19:25,375 - INFO - Total Orders Synced: 4 | Total Items: 22
2026-05-04 15:19:25,375 - INFO - --- STARTING AZURE SYNC FOR BUSINESS DATE: 20260517 ---
2026-05-04 15:19:25,421 - INFO - [Arlington] Fetching from Toast API...
2026-05-04 15:19:26,547 - INFO -  > Success: 1 orders processed for Arlington.
2026-05-04 15:19:26,547 - INFO - [Burke] Fetching from Toast API...
2026-05-04 15:19:27,162 - INFO -  ! No orders found for Burke on 20260517.
2026-05-04 15:19:27,162 - INFO - [Herndon] Fetching from Toast API...
2026-05-04 15:19:27,821 - INFO -  ! No orders found for Herndon on 20260517.
2026-05-04 15:19:27,821 - INFO - [Leesburg] Fetching from Toast API...
2026-05-04 15:19:28,500 - INFO -  ! No orders found for Leesburg on 20260517.
2026-05-04 15:19:28,501 - INFO - [Vienna] Fetching from Toast API...
2026-05-04 15:19:29,183 - INFO -  ! No orders found for Vienna on 20260517.
2026-05-04 15:19:29,183 - INFO - [Ashburn] Fetching from Toast API...
2026-05-04 15:19:29,845 - INFO -  ! No orders found for Ashburn on 20260517.
2026-05-04 15:19:29,845 - INFO - [Chantilly] Fetching from Toast API...
2026-05-04 15:19:30,463 - INFO -  ! No orders found for Chantilly on 20260517.
2026-05-04 15:19:30,464 - INFO - [Fairfax] Fetching from Toast API...
2026-05-04 15:19:31,116 - INFO -  ! No orders found for Fairfax on 20260517.
2026-05-04 15:19:31,116 - INFO - [Manassas] Fetching from Toast API...
2026-05-04 15:19:31,751 - INFO -  ! No orders found for Manassas on 20260517.
2026-05-04 15:19:31,751 - INFO - [Springfield] Fetching from Toast API...
2026-05-04 15:19:33,050 - INFO -  > Success: 1 orders processed for Springfield.
2026-05-04 15:19:33,109 - INFO - --- AZURE SYNC COMPLETE ---
2026-05-04 15:19:33,110 - INFO - Total Orders Synced: 2 | Total Items: 12
2026-05-04 15:19:33,110 - INFO - --- STARTING AZURE SYNC FOR BUSINESS DATE: 20260518 ---
2026-05-04 15:19:33,170 - INFO - [Arlington] Fetching from Toast API...
2026-05-04 15:19:33,804 - INFO -  ! No orders found for Arlington on 20260518.
2026-05-04 15:19:33,804 - INFO - [Burke] Fetching from Toast API...
2026-05-04 15:19:34,460 - INFO -  ! No orders found for Burke on 20260518.
2026-05-04 15:19:34,460 - INFO - [Herndon] Fetching from Toast API...
2026-05-04 15:19:35,091 - INFO -  ! No orders found for Herndon on 20260518.
2026-05-04 15:19:35,091 - INFO - [Leesburg] Fetching from Toast API...
2026-05-04 15:19:35,684 - INFO -  ! No orders found for Leesburg on 20260518.
2026-05-04 15:19:35,685 - INFO - [Vienna] Fetching from Toast API...
2026-05-04 15:19:36,282 - INFO -  ! No orders found for Vienna on 20260518.
2026-05-04 15:19:36,282 - INFO - [Ashburn] Fetching from Toast API...
2026-05-04 15:19:36,885 - INFO -  ! No orders found for Ashburn on 20260518.
2026-05-04 15:19:36,885 - INFO - [Chantilly] Fetching from Toast API...
2026-05-04 15:19:38,221 - INFO -  ! No orders found for Chantilly on 20260518.
2026-05-04 15:19:38,221 - INFO - [Fairfax] Fetching from Toast API...
2026-05-04 15:19:38,848 - INFO -  ! No orders found for Fairfax on 20260518.
2026-05-04 15:19:38,849 - INFO - [Manassas] Fetching from Toast API...
2026-05-04 15:19:39,470 - INFO -  ! No orders found for Manassas on 20260518.
2026-05-04 15:19:39,470 - INFO - [Springfield] Fetching from Toast API...
2026-05-04 15:19:40,049 - INFO -  ! No orders found for Springfield on 20260518.
2026-05-04 15:19:40,049 - INFO - --- AZURE SYNC COMPLETE ---
2026-05-04 15:19:40,049 - INFO - Total Orders Synced: 0 | Total Items: 0
